<?xml version="1.0" encoding="UTF-8"?>
<testng-results skipped="0" failed="0" ignored="0" total="1" passed="1">
  <reporter-output>
  </reporter-output>
  <suite name="Default suite" duration-ms="23402" started-at="2020-12-30T21:44:15 EST" finished-at="2020-12-30T21:44:38 EST">
    <groups>
    </groups>
    <test name="Default test" duration-ms="23402" started-at="2020-12-30T21:44:15 EST" finished-at="2020-12-30T21:44:38 EST">
      <class name="com.goibibo.test.SearchHotelsTest">
        <test-method status="PASS" signature="openBrowser()[pri:0, instance:com.goibibo.test.SearchHotelsTest@694e1548]" name="openBrowser" is-config="true" duration-ms="15797" started-at="2020-12-30T21:44:15 EST" finished-at="2020-12-30T21:44:31 EST">
          <reporter-output>
          </reporter-output>
        </test-method> <!-- openBrowser -->
        <test-method status="PASS" signature="validEmailForgotTest()[pri:1, instance:com.goibibo.test.SearchHotelsTest@694e1548]" name="validEmailForgotTest" duration-ms="7565" started-at="2020-12-30T21:44:31 EST" finished-at="2020-12-30T21:44:38 EST">
          <reporter-output>
          </reporter-output>
        </test-method> <!-- validEmailForgotTest -->
      </class> <!-- com.goibibo.test.SearchHotelsTest -->
    </test> <!-- Default test -->
  </suite> <!-- Default suite -->
</testng-results>
